INFO  Start processing
INFO  Files loaded in 431 ms
INFO  0 files generated in 350 ms
INFO  Hexo is watching for file changes. Press Ctrl+C to exit.
INFO  Generated: categories/index.html
INFO  Generated: categories/index.html
INFO  Generated: categories/index.html
INFO  Generated: tags/index.html
INFO  Generated: tags/index.html
INFO  Generated: categories/index.html
INFO  Generated: about/index.html
INFO  Generated: About/index.html
INFO  Generated: categories/index.html
INFO  Generated: 2016/09/16/hello-world/index.html
INFO  Generated: tags/index.html
INFO  Generated: archives/index.html
INFO  Generated: archives/2016/09/index.html
INFO  Generated: index.html
INFO  Generated: about/index.html
INFO  Generated: archives/2016/index.html
INFO  Generated: tags/index.html
INFO  Generated: About/index.html
INFO  Generated: 2016/09/16/hello-world/index.html
INFO  Generated: categories/index.html
INFO  Generated: about/index.html
INFO  Generated: archives/index.html
INFO  Generated: archives/2016/09/index.html
INFO  Generated: archives/2016/index.html
INFO  Generated: index.html
INFO  Generated: 2016/09/18/hello-hexo/index.html
INFO  Generated: about/index.html
INFO  Generated: 2016/09/16/hello-world/index.html
INFO  Generated: archives/index.html
INFO  Generated: archives/2016/09/index.html
INFO  Generated: 2016/09/18/hello-hexo/index.html
INFO  Generated: tags/index.html
INFO  Generated: archives/2016/index.html
INFO  Generated: categories/index.html
INFO  Generated: About/index.html
INFO  Generated: index.html
INFO  Generated: categories/hexo/index.html
INFO  Generated: tags/hexo/index.html
INFO  Generated: tags/入门/index.html
INFO  Generated: 2016/09/18/hello-hexo/index.html
INFO  Generated: index.html
INFO  Deleted: categories/hexo/index.html
INFO  Deleted: tags/hexo/index.html
INFO  Deleted: tags/入门/index.html
INFO  Generated: categories/index.html
INFO  Generated: About/index.html
INFO  Generated: tags/index.html
INFO  Generated: about/index.html
INFO  Generated: 2016/09/18/hello-hexo/index.html
INFO  Generated: 2016/09/16/hello-world/index.html
INFO  Generated: archives/2016/09/index.html
INFO  Generated: archives/index.html
INFO  Generated: archives/2016/index.html
INFO  Generated: index.html
INFO  Generated: 2016/09/18/hello-hexo/index.html
INFO  Generated: 2016/09/18/hello-hexo/index.html
INFO  Generated: About/index.html
INFO  Generated: tags/index.html
INFO  Generated: 2016/09/16/hello-world/index.html
INFO  Generated: 2016/09/18/hello-hexo/index.html
INFO  Generated: archives/2016/index.html
INFO  Generated: archives/index.html
INFO  Generated: about/index.html
INFO  Generated: archives/2016/09/index.html
INFO  Generated: categories/index.html
INFO  Generated: index.html
INFO  Deleted: categories/hexo/index.html
INFO  Deleted: tags/hexo/index.html
INFO  Deleted: tags/入门/index.html
INFO  Generated: About/index.html
INFO  Generated: about/index.html
INFO  Generated: 2016/09/18/hello-hexo/index.html
INFO  Generated: tags/index.html
INFO  Generated: 2016/09/16/hello-world/index.html
INFO  Generated: archives/index.html
INFO  Generated: archives/2016/index.html
INFO  Generated: archives/2016/09/index.html
INFO  Generated: index.html
INFO  Generated: categories/index.html
INFO  Generated: categories/index.html
INFO  Generated: tags/index.html
INFO  Generated: About/index.html
INFO  Generated: 2016/09/18/hello-hexo/index.html
INFO  Generated: about/index.html
INFO  Generated: 2016/09/16/hello-world/index.html
INFO  Generated: archives/index.html
INFO  Generated: archives/2016/index.html
INFO  Generated: index.html
INFO  Generated: archives/2016/09/index.html
INFO  Generated: categories/hexo/index.html
INFO  Generated: tags/hexo/index.html
INFO  Generated: tags/入门/index.html
